<?xml version="1.0" encoding="UTF-8"?>
<!-- Generated by org.testng.reporters.JUnitReportReporter -->
<testsuite skipped="0" hostname="LAPTOP-FBFACADN" name="com.pom.qa.testcases.ContactsPageTest" tests="6" failures="0" timestamp="2021-02-09T17:33:35 IST" time="12.178" errors="0">
  <testcase name="verifyContactsPageLabel" time="0.097" classname="com.pom.qa.testcases.ContactsPageTest"/>
  <testcase name="verifyNewContactTest" time="0.364" classname="com.pom.qa.testcases.ContactsPageTest"/>
  <testcase name="verifyNewContactSingleDataTest" time="2.860" classname="com.pom.qa.testcases.ContactsPageTest"/>
  <testcase name="validateCreateNewContact" time="3.288" classname="com.pom.qa.testcases.ContactsPageTest"/>
  <testcase name="validateCreateNewContact" time="3.510" classname="com.pom.qa.testcases.ContactsPageTest"/>
  <testcase name="validateCreateNewContact" time="2.059" classname="com.pom.qa.testcases.ContactsPageTest"/>
</testsuite> <!-- com.pom.qa.testcases.ContactsPageTest -->
