<?xml version="1.0" encoding="UTF-8"?>
<!-- Generated by org.testng.reporters.JUnitReportReporter -->
<testsuite skipped="0" hostname="LAPTOP-FBFACADN" name="com.pom.qa.testcases.HomePageTest" tests="3" failures="0" timestamp="2021-02-08T16:48:40 IST" time="2.473" errors="0">
  <testcase name="verifyHomePageTitleTest" time="0.040" classname="com.pom.qa.testcases.HomePageTest"/>
  <system-out/>
  <testcase name="verifyUserNameTest" time="1.894" classname="com.pom.qa.testcases.HomePageTest"/>
  <system-out/>
  <testcase name="verifyContactsLinkTest" time="0.539" classname="com.pom.qa.testcases.HomePageTest"/>
  <system-out/>
</testsuite> <!-- com.pom.qa.testcases.HomePageTest -->
