<?xml version="1.0" encoding="UTF-8"?>
<!-- Generated by org.testng.reporters.JUnitReportReporter -->
<testsuite skipped="0" hostname="LAPTOP-FBFACADN" name="com.pom.qa.testcases.LoginPageTest" tests="3" failures="0" timestamp="2021-02-08T16:48:40 IST" time="6.163" errors="0">
  <testcase name="loginPageTitleTest" time="0.175" classname="com.pom.qa.testcases.LoginPageTest"/>
  <system-out/>
  <testcase name="mainLoginbtn" time="5.761" classname="com.pom.qa.testcases.LoginPageTest"/>
  <system-out/>
  <testcase name="loginTest" time="0.227" classname="com.pom.qa.testcases.LoginPageTest"/>
  <system-out/>
</testsuite> <!-- com.pom.qa.testcases.LoginPageTest -->
