<?xml version="1.0" encoding="UTF-8"?>
<!-- Generated by org.testng.reporters.JUnitReportReporter -->
<testsuite skipped="0" hostname="LAPTOP-FBFACADN" name="com.pom.qa.testcases.LoginPageTest" tests="3" failures="0" timestamp="2021-02-09T16:37:03 IST" time="3.043" errors="0">
  <testcase name="loginPageTitleTest" time="0.090" classname="com.pom.qa.testcases.LoginPageTest"/>
  <system-out/>
  <testcase name="mainLoginbtn" time="2.696" classname="com.pom.qa.testcases.LoginPageTest"/>
  <system-out/>
  <testcase name="loginTest" time="0.257" classname="com.pom.qa.testcases.LoginPageTest"/>
  <system-out/>
</testsuite> <!-- com.pom.qa.testcases.LoginPageTest -->
