<?xml version="1.0" encoding="UTF-8"?>
<!-- Generated by org.testng.reporters.JUnitReportReporter -->
<testsuite skipped="0" hostname="LAPTOP-FBFACADN" name="com.pom.qa.testcases.LoginPageTest" tests="3" failures="0" timestamp="2021-02-09T15:33:48 IST" time="18.020" errors="0">
  <testcase name="loginPageTitleTest" time="0.054" classname="com.pom.qa.testcases.LoginPageTest"/>
  <system-out/>
  <testcase name="mainLoginbtn" time="4.304" classname="com.pom.qa.testcases.LoginPageTest"/>
  <system-out/>
  <testcase name="loginTest" time="13.662" classname="com.pom.qa.testcases.LoginPageTest"/>
  <system-out/>
</testsuite> <!-- com.pom.qa.testcases.LoginPageTest -->
