<?xml version="1.0" encoding="UTF-8"?>
<!-- Generated by org.testng.reporters.JUnitReportReporter -->
<testsuite skipped="0" hostname="LAPTOP-FBFACADN" name="com.pom.qa.testcases.HomePageTest" tests="3" failures="0" timestamp="2021-02-08T16:54:21 IST" time="3.600" errors="0">
  <testcase name="verifyHomePageTitleTest" time="0.006" classname="com.pom.qa.testcases.HomePageTest"/>
  <system-out/>
  <testcase name="verifyUserNameTest" time="2.077" classname="com.pom.qa.testcases.HomePageTest"/>
  <system-out/>
  <testcase name="verifyContactsLinkTest" time="1.517" classname="com.pom.qa.testcases.HomePageTest"/>
  <system-out/>
</testsuite> <!-- com.pom.qa.testcases.HomePageTest -->
