<?xml version="1.0" encoding="UTF-8"?>
<!-- Generated by org.testng.reporters.JUnitReportReporter -->
<testsuite skipped="0" hostname="LAPTOP-FBFACADN" name="com.pom.qa.testcases.HomePageTest" tests="3" failures="0" timestamp="2021-02-09T15:33:48 IST" time="2.423" errors="0">
  <testcase name="verifyHomePageTitleTest" time="0.006" classname="com.pom.qa.testcases.HomePageTest"/>
  <system-out/>
  <testcase name="verifyUserNameTest" time="1.895" classname="com.pom.qa.testcases.HomePageTest"/>
  <system-out/>
  <testcase name="verifyContactsLinkTest" time="0.522" classname="com.pom.qa.testcases.HomePageTest"/>
  <system-out/>
</testsuite> <!-- com.pom.qa.testcases.HomePageTest -->
