<?xml version="1.0" encoding="UTF-8"?>
<!-- Generated by org.testng.reporters.JUnitReportReporter -->
<testsuite skipped="0" hostname="LAPTOP-FBFACADN" name="com.pom.qa.testcases.LoginPageTest" tests="3" failures="0" timestamp="2021-02-08T16:54:21 IST" time="7.446" errors="0">
  <testcase name="loginPageTitleTest" time="0.083" classname="com.pom.qa.testcases.LoginPageTest"/>
  <system-out/>
  <testcase name="mainLoginbtn" time="7.010" classname="com.pom.qa.testcases.LoginPageTest"/>
  <system-out/>
  <testcase name="loginTest" time="0.353" classname="com.pom.qa.testcases.LoginPageTest"/>
  <system-out/>
</testsuite> <!-- com.pom.qa.testcases.LoginPageTest -->
