<?xml version="1.0" encoding="UTF-8"?>
<!-- Generated by org.testng.reporters.JUnitReportReporter -->
<testsuite skipped="0" hostname="LAPTOP-FBFACADN" name="com.pom.qa.testcases.ContactsPageTest" tests="6" failures="0" timestamp="2021-02-08T16:54:21 IST" time="10.777" errors="0">
  <testcase name="verifyContactsPageLabel" time="0.039" classname="com.pom.qa.testcases.ContactsPageTest"/>
  <system-out/>
  <testcase name="verifyNewContactTest" time="0.941" classname="com.pom.qa.testcases.ContactsPageTest"/>
  <system-out/>
  <testcase name="verifyNewContactSingleDataTest" time="3.207" classname="com.pom.qa.testcases.ContactsPageTest"/>
  <system-out/>
  <testcase name="validateCreateNewContact" time="2.171" classname="com.pom.qa.testcases.ContactsPageTest"/>
  <system-out/>
  <testcase name="validateCreateNewContact" time="2.172" classname="com.pom.qa.testcases.ContactsPageTest"/>
  <system-out/>
  <testcase name="validateCreateNewContact" time="2.247" classname="com.pom.qa.testcases.ContactsPageTest"/>
  <system-out/>
</testsuite> <!-- com.pom.qa.testcases.ContactsPageTest -->
